2024-07-10 15:59:15,032 - INFO - Welcome to the KFC Management System!
2024-07-10 15:59:15,032 - INFO - 
Menu:
2024-07-10 15:59:15,032 - INFO - 1. Show Products
2024-07-10 15:59:15,032 - INFO - 2. View Cart
2024-07-10 15:59:15,032 - INFO - 3. Checkout
2024-07-10 15:59:15,032 - INFO - 4. Exit
2024-07-10 16:20:00,569 - INFO - Welcome to the KFC Management System!
2024-07-10 16:20:00,569 - INFO - 
Menu:
2024-07-10 16:20:00,569 - INFO - 1. Show Products
2024-07-10 16:20:00,569 - INFO - 2. View Cart
2024-07-10 16:20:00,569 - INFO - 3. Checkout
2024-07-10 16:20:00,570 - INFO - 4. Exit
2024-07-10 16:20:07,573 - INFO - 
Available Products:
2024-07-10 16:20:29,014 - INFO - Welcome to the KFC Management System!
2024-07-10 16:20:29,014 - INFO - 
Menu:
2024-07-10 16:20:29,014 - INFO - 1. Show Products
2024-07-10 16:20:29,014 - INFO - 2. View Cart
2024-07-10 16:20:29,014 - INFO - 3. Checkout
2024-07-10 16:20:29,014 - INFO - 4. Exit
2024-07-10 16:20:34,030 - INFO - 
Available Products:
2024-07-10 16:21:35,980 - INFO - Welcome to the KFC Management System!
2024-07-10 16:23:14,074 - INFO - 
Menu:
2024-07-10 16:23:18,037 - INFO - 1. Show Products
2024-07-10 16:23:19,759 - INFO - 2. View Cart
2024-07-10 16:23:22,528 - INFO - 3. Checkout
2024-07-10 16:23:25,367 - INFO - 4. Exit
2024-07-10 16:25:32,915 - INFO - 
Menu:
2024-07-10 16:25:34,859 - INFO - 1. Show Products
2024-07-10 16:25:59,882 - INFO - 
Menu:
2024-07-10 16:25:59,882 - INFO - 1. Show Products
2024-07-10 16:25:59,883 - INFO - 2. View Cart
2024-07-10 16:25:59,883 - INFO - 3. Checkout
2024-07-10 16:25:59,883 - INFO - 4. Exit
